0 231 231
115.5 231 115.5
173.25 231 57.75
173.25 202.125 28.875
187.688 202.125 14.4375
194.906 202.125 7.21875
198.516 202.125 3.60938
200.32 202.125 1.80469
200.32 201.223 0.902344
200.32 200.771 0.451172
200.32 200.546 0.225586
200.433 200.546 0.112793
200.49 200.546 0.0563965
200.49 200.518 0.0281982
200.49 200.504 0.0140991
200.497 200.504 0.00704956
200.497 200.5 0.00352478
200.498 200.5 0.00176239
200.499 200.5 0.000881195
200.5 200.5 0.000440598
200.5 200.5 0.000220299
200.5 200.5 0.000110149
200.5 200.5 5.50747e-05
200.5 200.5 2.75373e-05
200.5 200.5 1.37687e-05
200.5 200.5 6.88434e-06
200.5 200.5 3.44217e-06
200.5 200.5 1.72108e-06
200.5
